[debug] [2024-12-28T01:10:07.159Z] ----------------------------------------------------------------------
[debug] [2024-12-28T01:10:07.160Z] Command:       /usr/local/bin/node /usr/local/bin/firebase init
[debug] [2024-12-28T01:10:07.161Z] CLI Version:   13.22.1
[debug] [2024-12-28T01:10:07.161Z] Platform:      darwin
[debug] [2024-12-28T01:10:07.161Z] Node Version:  v20.18.0
[debug] [2024-12-28T01:10:07.161Z] Time:          Fri Dec 27 2024 20:10:07 GMT-0500 (Eastern Standard Time)
[debug] [2024-12-28T01:10:07.161Z] ----------------------------------------------------------------------
[debug] 
[debug] [2024-12-28T01:10:07.162Z] >>> [apiv2][query] GET https://firebase-public.firebaseio.com/cli.json [none]
[debug] [2024-12-28T01:10:07.185Z] > command requires scopes: ["email","openid","https://www.googleapis.com/auth/cloudplatformprojects.readonly","https://www.googleapis.com/auth/firebase","https://www.googleapis.com/auth/cloud-platform"]
[debug] [2024-12-28T01:10:07.185Z] > authorizing via signed-in user (yliangli@college.harvard.edu)
[info] 
     ######## #### ########  ######## ########     ###     ######  ########
     ##        ##  ##     ## ##       ##     ##  ##   ##  ##       ##
     ######    ##  ########  ######   ########  #########  ######  ######
     ##        ##  ##    ##  ##       ##     ## ##     ##       ## ##
     ##       #### ##     ## ######## ########  ##     ##  ######  ########

You're about to initialize a Firebase project in this directory:

  /Users/yayingliangli/Desktop/2024DataMatch/flashcards

[debug] [2024-12-28T01:10:07.838Z] <<< [apiv2][status] GET https://firebase-public.firebaseio.com/cli.json 200
[debug] [2024-12-28T01:10:07.839Z] <<< [apiv2][body] GET https://firebase-public.firebaseio.com/cli.json {"cloudBuildErrorAfter":1594252800000,"cloudBuildWarnAfter":1590019200000,"defaultNode10After":1594252800000,"minVersion":"3.0.5","node8DeploysDisabledAfter":1613390400000,"node8RuntimeDisabledAfter":1615809600000,"node8WarnAfter":1600128000000}
